<?xml version="1.0" encoding="UTF-8"?>
<!-- Generated by org.testng.reporters.JUnitReportReporter -->
<testsuite hostname="DESKTOP-EJG6GS2" failures="0" tests="1" name="rahulshettyacademy.tests.ErrorValidationsTest" time="8.117" errors="0" timestamp="2024-04-22T16:01:23 IST" skipped="0">
  <testcase classname="rahulshettyacademy.tests.ErrorValidationsTest" name="LoginErrorValidation" time="8.117"/>
</testsuite> <!-- rahulshettyacademy.tests.ErrorValidationsTest -->
