<?xml version="1.0" encoding="UTF-8"?>
<!-- Generated by org.testng.reporters.JUnitReportReporter -->
<testsuite hostname="DESKTOP-EJG6GS2" failures="0" tests="2" name="rahulshettyacademy.tests.SubmitOrderTest" time="19.742" errors="0" timestamp="2024-04-22T15:59:26 IST" skipped="0">
  <testcase classname="rahulshettyacademy.tests.SubmitOrderTest" name="submitOrder" time="8.532"/>
  <testcase classname="rahulshettyacademy.tests.SubmitOrderTest" name="submitOrder" time="11.210"/>
</testsuite> <!-- rahulshettyacademy.tests.SubmitOrderTest -->
